1594158528189	mozrunner::runner	INFO	Running command: "C:\\Program Files\\Mozilla Firefox\\firefox.exe" "-marionette" "-foreground" "-no-remote" "-profile" "C:\\Users\\jesse\\AppData\\Local\\Temp\\rust_mozprofileAWg0Dx"
JavaScript error: resource://gre/modules/XULStore.jsm, line 66: Error: Can't find profile directory.
1594158530065	Marionette	INFO	Listening on port 55125
1594158530230	Marionette	WARN	TLS certificate errors will be ignored for this session
1594158537582	Marionette	INFO	Stopped listening on port 55125

###!!! [Child][RunMessage] Error: Channel closing: too late to send/recv, messages will be lost


###!!! [Child][MessageChannel::SendAndWait] Error: Channel error: cannot send/recv

1594755559693	mozrunner::runner	INFO	Running command: "C:\\Program Files\\Mozilla Firefox\\firefox.exe" "-marionette" "-foreground" "-no-remote" "-profile" "C:\\Users\\jesse\\AppData\\Local\\Temp\\rust_mozprofileocPgrL"
JavaScript error: resource://gre/modules/XULStore.jsm, line 66: Error: Can't find profile directory.
1594755561976	Marionette	INFO	Listening on port 52474
1594755562369	Marionette	WARN	TLS certificate errors will be ignored for this session
1594755571276	Marionette	INFO	Stopped listening on port 52474

###!!! [Child][RunMessage] Error: Channel closing: too late to send/recv, messages will be lost


###!!! [Child][MessageChannel::SendAndWait] Error: Channel error: cannot send/recv

1594758881036	mozrunner::runner	INFO	Running command: "C:\\Program Files\\Mozilla Firefox\\firefox.exe" "-marionette" "-foreground" "-no-remote" "-profile" "C:\\Users\\jesse\\AppData\\Local\\Temp\\rust_mozprofileYxKcl1"
JavaScript error: resource://gre/modules/XULStore.jsm, line 66: Error: Can't find profile directory.
1594758883275	Marionette	INFO	Listening on port 53378
1594758883706	Marionette	WARN	TLS certificate errors will be ignored for this session
1594758893216	Marionette	INFO	Stopped listening on port 53378

###!!! [Child][RunMessage] Error: Channel closing: too late to send/recv, messages will be lost


###!!! [Child][MessageChannel::SendAndWait] Error: Channel error: cannot send/recv

